2013/03/19 22:51:18 [error] [php] Undefined index: Upfoto (C:\xampp\htdocs\tuto\protected\controllers\SiteController.php:109)
Stack trace:
#0 C:\xampp\htdocs\yii\web\CController.php(278): SiteController->runAction()
#1 C:\xampp\htdocs\yii\web\CController.php(257): SiteController->runActionWithFilters()
#2 C:\xampp\htdocs\yii\web\CWebApplication.php(277): SiteController->run()
#3 C:\xampp\htdocs\yii\web\CWebApplication.php(136): CWebApplication->runController()
#4 C:\xampp\htdocs\yii\base\CApplication.php(158): CWebApplication->processRequest()
#5 C:\xampp\htdocs\tuto\index.php(13): CWebApplication->run()
REQUEST_URI=/tuto/index.php?r=site/imagen
in C:\xampp\htdocs\tuto\protected\controllers\SiteController.php (109)
in C:\xampp\htdocs\tuto\index.php (13)
2013/03/19 23:18:56 [error] [php] move_uploaded_file() [<a href='function.move-uploaded-file'>function.move-uploaded-file</a>]: The second argument to copy() function cannot be a directory (C:\xampp\htdocs\yii\web\CUploadedFile.php:183)
Stack trace:
#0 C:\xampp\htdocs\yii\web\actions\CInlineAction.php(50): SiteController->actionImagen()
#1 C:\xampp\htdocs\yii\web\CController.php(300): CInlineAction->runWithParams()
#2 C:\xampp\htdocs\yii\web\CController.php(278): SiteController->runAction()
#3 C:\xampp\htdocs\yii\web\CController.php(257): SiteController->runActionWithFilters()
#4 C:\xampp\htdocs\yii\web\CWebApplication.php(277): SiteController->run()
#5 C:\xampp\htdocs\yii\web\CWebApplication.php(136): CWebApplication->runController()
#6 C:\xampp\htdocs\yii\base\CApplication.php(158): CWebApplication->processRequest()
#7 C:\xampp\htdocs\tuto\index.php(13): CWebApplication->run()
REQUEST_URI=/tuto/index.php?r=site/imagen
in C:\xampp\htdocs\tuto\protected\controllers\SiteController.php (115)
in C:\xampp\htdocs\tuto\index.php (13)
2013/03/19 23:22:05 [error] [php] move_uploaded_file() [<a href='function.move-uploaded-file'>function.move-uploaded-file</a>]: The second argument to copy() function cannot be a directory (C:\xampp\htdocs\yii\web\CUploadedFile.php:183)
Stack trace:
#0 C:\xampp\htdocs\yii\web\actions\CInlineAction.php(50): SiteController->actionImagen()
#1 C:\xampp\htdocs\yii\web\CController.php(300): CInlineAction->runWithParams()
#2 C:\xampp\htdocs\yii\web\CController.php(278): SiteController->runAction()
#3 C:\xampp\htdocs\yii\web\CController.php(257): SiteController->runActionWithFilters()
#4 C:\xampp\htdocs\yii\web\CWebApplication.php(277): SiteController->run()
#5 C:\xampp\htdocs\yii\web\CWebApplication.php(136): CWebApplication->runController()
#6 C:\xampp\htdocs\yii\base\CApplication.php(158): CWebApplication->processRequest()
#7 C:\xampp\htdocs\tuto\index.php(13): CWebApplication->run()
REQUEST_URI=/tuto/index.php?r=site/imagen
in C:\xampp\htdocs\tuto\protected\controllers\SiteController.php (115)
in C:\xampp\htdocs\tuto\index.php (13)
